<?xml version="1.0" encoding="utf-8"?><testsuites name="pytest tests"><testsuite name="pytest" errors="0" failures="22" skipped="10" tests="32" time="0.607" timestamp="2026-02-25T14:41:03.824243+00:00" hostname="agent-env-dcebfa91-0c00-4892-8f9e-0914c2fe36f2"><testcase classname="backend.tests.test_cme_api.TestCMETypes" name="test_get_all_cme_types_no_auth" time="0.002"><failure message="requests.exceptions.MissingSchema: Invalid URL '/api/cme-types/all': No scheme supplied. Perhaps you meant https:///api/cme-types/all?">backend/tests/test_cme_api.py:32: in test_get_all_cme_types_no_auth
    r = unauth_client.get(f"{BASE_URL}/api/cme-types/all")
        ^^^^^^^^^^^^^^^^^^^^^^^^^^^^^^^^^^^^^^^^^^^^^^^^^^
/root/.venv/lib/python3.11/site-packages/requests/sessions.py:602: in get
    return self.request("GET", url, **kwargs)
           ^^^^^^^^^^^^^^^^^^^^^^^^^^^^^^^^^^
/root/.venv/lib/python3.11/site-packages/requests/sessions.py:575: in request
    prep = self.prepare_request(req)
           ^^^^^^^^^^^^^^^^^^^^^^^^^
/root/.venv/lib/python3.11/site-packages/requests/sessions.py:484: in prepare_request
    p.prepare(
/root/.venv/lib/python3.11/site-packages/requests/models.py:367: in prepare
    self.prepare_url(url, params)
/root/.venv/lib/python3.11/site-packages/requests/models.py:438: in prepare_url
    raise MissingSchema(
E   requests.exceptions.MissingSchema: Invalid URL '/api/cme-types/all': No scheme supplied. Perhaps you meant https:///api/cme-types/all?</failure></testcase><testcase classname="backend.tests.test_cme_api.TestCMETypes" name="test_cme_types_physician_has_ama_cat1" time="0.001"><failure message="requests.exceptions.MissingSchema: Invalid URL '/api/cme-types/all': No scheme supplied. Perhaps you meant https:///api/cme-types/all?">backend/tests/test_cme_api.py:41: in test_cme_types_physician_has_ama_cat1
    r = unauth_client.get(f"{BASE_URL}/api/cme-types/all")
        ^^^^^^^^^^^^^^^^^^^^^^^^^^^^^^^^^^^^^^^^^^^^^^^^^^
/root/.venv/lib/python3.11/site-packages/requests/sessions.py:602: in get
    return self.request("GET", url, **kwargs)
           ^^^^^^^^^^^^^^^^^^^^^^^^^^^^^^^^^^
/root/.venv/lib/python3.11/site-packages/requests/sessions.py:575: in request
    prep = self.prepare_request(req)
           ^^^^^^^^^^^^^^^^^^^^^^^^^
/root/.venv/lib/python3.11/site-packages/requests/sessions.py:484: in prepare_request
    p.prepare(
/root/.venv/lib/python3.11/site-packages/requests/models.py:367: in prepare
    self.prepare_url(url, params)
/root/.venv/lib/python3.11/site-packages/requests/models.py:438: in prepare_url
    raise MissingSchema(
E   requests.exceptions.MissingSchema: Invalid URL '/api/cme-types/all': No scheme supplied. Perhaps you meant https:///api/cme-types/all?</failure></testcase><testcase classname="backend.tests.test_cme_api.TestCMETypes" name="test_get_cme_types_authenticated" time="0.001"><failure message="requests.exceptions.MissingSchema: Invalid URL '/api/cme-types': No scheme supplied. Perhaps you meant https:///api/cme-types?">backend/tests/test_cme_api.py:50: in test_get_cme_types_authenticated
    r = api_client.get(f"{BASE_URL}/api/cme-types")
        ^^^^^^^^^^^^^^^^^^^^^^^^^^^^^^^^^^^^^^^^^^^
/root/.venv/lib/python3.11/site-packages/requests/sessions.py:602: in get
    return self.request("GET", url, **kwargs)
           ^^^^^^^^^^^^^^^^^^^^^^^^^^^^^^^^^^
/root/.venv/lib/python3.11/site-packages/requests/sessions.py:575: in request
    prep = self.prepare_request(req)
           ^^^^^^^^^^^^^^^^^^^^^^^^^
/root/.venv/lib/python3.11/site-packages/requests/sessions.py:484: in prepare_request
    p.prepare(
/root/.venv/lib/python3.11/site-packages/requests/models.py:367: in prepare
    self.prepare_url(url, params)
/root/.venv/lib/python3.11/site-packages/requests/models.py:438: in prepare_url
    raise MissingSchema(
E   requests.exceptions.MissingSchema: Invalid URL '/api/cme-types': No scheme supplied. Perhaps you meant https:///api/cme-types?</failure></testcase><testcase classname="backend.tests.test_cme_api.TestCMETypes" name="test_cme_types_unauthorized" time="0.001"><failure message="requests.exceptions.MissingSchema: Invalid URL '/api/cme-types': No scheme supplied. Perhaps you meant https:///api/cme-types?">backend/tests/test_cme_api.py:58: in test_cme_types_unauthorized
    r = unauth_client.get(f"{BASE_URL}/api/cme-types")
        ^^^^^^^^^^^^^^^^^^^^^^^^^^^^^^^^^^^^^^^^^^^^^^
/root/.venv/lib/python3.11/site-packages/requests/sessions.py:602: in get
    return self.request("GET", url, **kwargs)
           ^^^^^^^^^^^^^^^^^^^^^^^^^^^^^^^^^^
/root/.venv/lib/python3.11/site-packages/requests/sessions.py:575: in request
    prep = self.prepare_request(req)
           ^^^^^^^^^^^^^^^^^^^^^^^^^
/root/.venv/lib/python3.11/site-packages/requests/sessions.py:484: in prepare_request
    p.prepare(
/root/.venv/lib/python3.11/site-packages/requests/models.py:367: in prepare
    self.prepare_url(url, params)
/root/.venv/lib/python3.11/site-packages/requests/models.py:438: in prepare_url
    raise MissingSchema(
E   requests.exceptions.MissingSchema: Invalid URL '/api/cme-types': No scheme supplied. Perhaps you meant https:///api/cme-types?</failure></testcase><testcase classname="backend.tests.test_cme_api.TestAuth" name="test_get_me_with_valid_token" time="0.001"><failure message="requests.exceptions.MissingSchema: Invalid URL '/api/auth/me': No scheme supplied. Perhaps you meant https:///api/auth/me?">backend/tests/test_cme_api.py:67: in test_get_me_with_valid_token
    r = api_client.get(f"{BASE_URL}/api/auth/me")
        ^^^^^^^^^^^^^^^^^^^^^^^^^^^^^^^^^^^^^^^^^
/root/.venv/lib/python3.11/site-packages/requests/sessions.py:602: in get
    return self.request("GET", url, **kwargs)
           ^^^^^^^^^^^^^^^^^^^^^^^^^^^^^^^^^^
/root/.venv/lib/python3.11/site-packages/requests/sessions.py:575: in request
    prep = self.prepare_request(req)
           ^^^^^^^^^^^^^^^^^^^^^^^^^
/root/.venv/lib/python3.11/site-packages/requests/sessions.py:484: in prepare_request
    p.prepare(
/root/.venv/lib/python3.11/site-packages/requests/models.py:367: in prepare
    self.prepare_url(url, params)
/root/.venv/lib/python3.11/site-packages/requests/models.py:438: in prepare_url
    raise MissingSchema(
E   requests.exceptions.MissingSchema: Invalid URL '/api/auth/me': No scheme supplied. Perhaps you meant https:///api/auth/me?</failure></testcase><testcase classname="backend.tests.test_cme_api.TestAuth" name="test_get_me_without_token" time="0.001"><failure message="requests.exceptions.MissingSchema: Invalid URL '/api/auth/me': No scheme supplied. Perhaps you meant https:///api/auth/me?">backend/tests/test_cme_api.py:76: in test_get_me_without_token
    r = unauth_client.get(f"{BASE_URL}/api/auth/me")
        ^^^^^^^^^^^^^^^^^^^^^^^^^^^^^^^^^^^^^^^^^^^^
/root/.venv/lib/python3.11/site-packages/requests/sessions.py:602: in get
    return self.request("GET", url, **kwargs)
           ^^^^^^^^^^^^^^^^^^^^^^^^^^^^^^^^^^
/root/.venv/lib/python3.11/site-packages/requests/sessions.py:575: in request
    prep = self.prepare_request(req)
           ^^^^^^^^^^^^^^^^^^^^^^^^^
/root/.venv/lib/python3.11/site-packages/requests/sessions.py:484: in prepare_request
    p.prepare(
/root/.venv/lib/python3.11/site-packages/requests/models.py:367: in prepare
    self.prepare_url(url, params)
/root/.venv/lib/python3.11/site-packages/requests/models.py:438: in prepare_url
    raise MissingSchema(
E   requests.exceptions.MissingSchema: Invalid URL '/api/auth/me': No scheme supplied. Perhaps you meant https:///api/auth/me?</failure></testcase><testcase classname="backend.tests.test_cme_api.TestAuth" name="test_get_me_no_id_field" time="0.001"><failure message="requests.exceptions.MissingSchema: Invalid URL '/api/auth/me': No scheme supplied. Perhaps you meant https:///api/auth/me?">backend/tests/test_cme_api.py:81: in test_get_me_no_id_field
    r = api_client.get(f"{BASE_URL}/api/auth/me")
        ^^^^^^^^^^^^^^^^^^^^^^^^^^^^^^^^^^^^^^^^^
/root/.venv/lib/python3.11/site-packages/requests/sessions.py:602: in get
    return self.request("GET", url, **kwargs)
           ^^^^^^^^^^^^^^^^^^^^^^^^^^^^^^^^^^
/root/.venv/lib/python3.11/site-packages/requests/sessions.py:575: in request
    prep = self.prepare_request(req)
           ^^^^^^^^^^^^^^^^^^^^^^^^^
/root/.venv/lib/python3.11/site-packages/requests/sessions.py:484: in prepare_request
    p.prepare(
/root/.venv/lib/python3.11/site-packages/requests/models.py:367: in prepare
    self.prepare_url(url, params)
/root/.venv/lib/python3.11/site-packages/requests/models.py:438: in prepare_url
    raise MissingSchema(
E   requests.exceptions.MissingSchema: Invalid URL '/api/auth/me': No scheme supplied. Perhaps you meant https:///api/auth/me?</failure></testcase><testcase classname="backend.tests.test_cme_api.TestCertificates" name="test_list_certificates" time="0.001"><failure message="requests.exceptions.MissingSchema: Invalid URL '/api/certificates': No scheme supplied. Perhaps you meant https:///api/certificates?">backend/tests/test_cme_api.py:94: in test_list_certificates
    r = api_client.get(f"{BASE_URL}/api/certificates")
        ^^^^^^^^^^^^^^^^^^^^^^^^^^^^^^^^^^^^^^^^^^^^^^
/root/.venv/lib/python3.11/site-packages/requests/sessions.py:602: in get
    return self.request("GET", url, **kwargs)
           ^^^^^^^^^^^^^^^^^^^^^^^^^^^^^^^^^^
/root/.venv/lib/python3.11/site-packages/requests/sessions.py:575: in request
    prep = self.prepare_request(req)
           ^^^^^^^^^^^^^^^^^^^^^^^^^
/root/.venv/lib/python3.11/site-packages/requests/sessions.py:484: in prepare_request
    p.prepare(
/root/.venv/lib/python3.11/site-packages/requests/models.py:367: in prepare
    self.prepare_url(url, params)
/root/.venv/lib/python3.11/site-packages/requests/models.py:438: in prepare_url
    raise MissingSchema(
E   requests.exceptions.MissingSchema: Invalid URL '/api/certificates': No scheme supplied. Perhaps you meant https:///api/certificates?</failure></testcase><testcase classname="backend.tests.test_cme_api.TestCertificates" name="test_create_certificate" time="0.001"><failure message="requests.exceptions.MissingSchema: Invalid URL '/api/certificates': No scheme supplied. Perhaps you meant https:///api/certificates?">backend/tests/test_cme_api.py:109: in test_create_certificate
    r = api_client.post(f"{BASE_URL}/api/certificates", json=payload)
        ^^^^^^^^^^^^^^^^^^^^^^^^^^^^^^^^^^^^^^^^^^^^^^^^^^^^^^^^^^^^^
/root/.venv/lib/python3.11/site-packages/requests/sessions.py:637: in post
    return self.request("POST", url, data=data, json=json, **kwargs)
           ^^^^^^^^^^^^^^^^^^^^^^^^^^^^^^^^^^^^^^^^^^^^^^^^^^^^^^^^^
/root/.venv/lib/python3.11/site-packages/requests/sessions.py:575: in request
    prep = self.prepare_request(req)
           ^^^^^^^^^^^^^^^^^^^^^^^^^
/root/.venv/lib/python3.11/site-packages/requests/sessions.py:484: in prepare_request
    p.prepare(
/root/.venv/lib/python3.11/site-packages/requests/models.py:367: in prepare
    self.prepare_url(url, params)
/root/.venv/lib/python3.11/site-packages/requests/models.py:438: in prepare_url
    raise MissingSchema(
E   requests.exceptions.MissingSchema: Invalid URL '/api/certificates': No scheme supplied. Perhaps you meant https:///api/certificates?</failure></testcase><testcase classname="backend.tests.test_cme_api.TestCertificates" name="test_get_certificate_by_id" time="0.000"><skipped type="pytest.skip" message="No certificate created">/app/backend/tests/test_cme_api.py:122: No certificate created</skipped></testcase><testcase classname="backend.tests.test_cme_api.TestCertificates" name="test_update_certificate" time="0.000"><skipped type="pytest.skip" message="No certificate created">/app/backend/tests/test_cme_api.py:131: No certificate created</skipped></testcase><testcase classname="backend.tests.test_cme_api.TestCertificates" name="test_get_certificate_after_update" time="0.000"><skipped type="pytest.skip" message="No certificate created">/app/backend/tests/test_cme_api.py:143: No certificate created</skipped></testcase><testcase classname="backend.tests.test_cme_api.TestCertificates" name="test_filter_certificates_by_credit_type" time="0.000"><failure message="requests.exceptions.MissingSchema: Invalid URL '/api/certificates?credit_type=ama_cat1': No scheme supplied. Perhaps you meant https:///api/certificates?credit_type=ama_cat1?">backend/tests/test_cme_api.py:150: in test_filter_certificates_by_credit_type
    r = api_client.get(f"{BASE_URL}/api/certificates?credit_type=ama_cat1")
        ^^^^^^^^^^^^^^^^^^^^^^^^^^^^^^^^^^^^^^^^^^^^^^^^^^^^^^^^^^^^^^^^^^^
/root/.venv/lib/python3.11/site-packages/requests/sessions.py:602: in get
    return self.request("GET", url, **kwargs)
           ^^^^^^^^^^^^^^^^^^^^^^^^^^^^^^^^^^
/root/.venv/lib/python3.11/site-packages/requests/sessions.py:575: in request
    prep = self.prepare_request(req)
           ^^^^^^^^^^^^^^^^^^^^^^^^^
/root/.venv/lib/python3.11/site-packages/requests/sessions.py:484: in prepare_request
    p.prepare(
/root/.venv/lib/python3.11/site-packages/requests/models.py:367: in prepare
    self.prepare_url(url, params)
/root/.venv/lib/python3.11/site-packages/requests/models.py:438: in prepare_url
    raise MissingSchema(
E   requests.exceptions.MissingSchema: Invalid URL '/api/certificates?credit_type=ama_cat1': No scheme supplied. Perhaps you meant https:///api/certificates?credit_type=ama_cat1?</failure></testcase><testcase classname="backend.tests.test_cme_api.TestCertificates" name="test_delete_certificate" time="0.000"><skipped type="pytest.skip" message="No certificate created">/app/backend/tests/test_cme_api.py:159: No certificate created</skipped></testcase><testcase classname="backend.tests.test_cme_api.TestCertificates" name="test_get_deleted_certificate_returns_404" time="0.000"><skipped type="pytest.skip" message="No certificate created">/app/backend/tests/test_cme_api.py:166: No certificate created</skipped></testcase><testcase classname="backend.tests.test_cme_api.TestCertificates" name="test_certificates_unauthorized" time="0.000"><failure message="requests.exceptions.MissingSchema: Invalid URL '/api/certificates': No scheme supplied. Perhaps you meant https:///api/certificates?">backend/tests/test_cme_api.py:172: in test_certificates_unauthorized
    r = unauth_client.get(f"{BASE_URL}/api/certificates")
        ^^^^^^^^^^^^^^^^^^^^^^^^^^^^^^^^^^^^^^^^^^^^^^^^^
/root/.venv/lib/python3.11/site-packages/requests/sessions.py:602: in get
    return self.request("GET", url, **kwargs)
           ^^^^^^^^^^^^^^^^^^^^^^^^^^^^^^^^^^
/root/.venv/lib/python3.11/site-packages/requests/sessions.py:575: in request
    prep = self.prepare_request(req)
           ^^^^^^^^^^^^^^^^^^^^^^^^^
/root/.venv/lib/python3.11/site-packages/requests/sessions.py:484: in prepare_request
    p.prepare(
/root/.venv/lib/python3.11/site-packages/requests/models.py:367: in prepare
    self.prepare_url(url, params)
/root/.venv/lib/python3.11/site-packages/requests/models.py:438: in prepare_url
    raise MissingSchema(
E   requests.exceptions.MissingSchema: Invalid URL '/api/certificates': No scheme supplied. Perhaps you meant https:///api/certificates?</failure></testcase><testcase classname="backend.tests.test_cme_api.TestRequirements" name="test_list_requirements" time="0.001"><failure message="requests.exceptions.MissingSchema: Invalid URL '/api/requirements': No scheme supplied. Perhaps you meant https:///api/requirements?">backend/tests/test_cme_api.py:183: in test_list_requirements
    r = api_client.get(f"{BASE_URL}/api/requirements")
        ^^^^^^^^^^^^^^^^^^^^^^^^^^^^^^^^^^^^^^^^^^^^^^
/root/.venv/lib/python3.11/site-packages/requests/sessions.py:602: in get
    return self.request("GET", url, **kwargs)
           ^^^^^^^^^^^^^^^^^^^^^^^^^^^^^^^^^^
/root/.venv/lib/python3.11/site-packages/requests/sessions.py:575: in request
    prep = self.prepare_request(req)
           ^^^^^^^^^^^^^^^^^^^^^^^^^
/root/.venv/lib/python3.11/site-packages/requests/sessions.py:484: in prepare_request
    p.prepare(
/root/.venv/lib/python3.11/site-packages/requests/models.py:367: in prepare
    self.prepare_url(url, params)
/root/.venv/lib/python3.11/site-packages/requests/models.py:438: in prepare_url
    raise MissingSchema(
E   requests.exceptions.MissingSchema: Invalid URL '/api/requirements': No scheme supplied. Perhaps you meant https:///api/requirements?</failure></testcase><testcase classname="backend.tests.test_cme_api.TestRequirements" name="test_create_requirement" time="0.001"><failure message="requests.exceptions.MissingSchema: Invalid URL '/api/requirements': No scheme supplied. Perhaps you meant https:///api/requirements?">backend/tests/test_cme_api.py:198: in test_create_requirement
    r = api_client.post(f"{BASE_URL}/api/requirements", json=payload)
        ^^^^^^^^^^^^^^^^^^^^^^^^^^^^^^^^^^^^^^^^^^^^^^^^^^^^^^^^^^^^^
/root/.venv/lib/python3.11/site-packages/requests/sessions.py:637: in post
    return self.request("POST", url, data=data, json=json, **kwargs)
           ^^^^^^^^^^^^^^^^^^^^^^^^^^^^^^^^^^^^^^^^^^^^^^^^^^^^^^^^^
/root/.venv/lib/python3.11/site-packages/requests/sessions.py:575: in request
    prep = self.prepare_request(req)
           ^^^^^^^^^^^^^^^^^^^^^^^^^
/root/.venv/lib/python3.11/site-packages/requests/sessions.py:484: in prepare_request
    p.prepare(
/root/.venv/lib/python3.11/site-packages/requests/models.py:367: in prepare
    self.prepare_url(url, params)
/root/.venv/lib/python3.11/site-packages/requests/models.py:438: in prepare_url
    raise MissingSchema(
E   requests.exceptions.MissingSchema: Invalid URL '/api/requirements': No scheme supplied. Perhaps you meant https:///api/requirements?</failure></testcase><testcase classname="backend.tests.test_cme_api.TestRequirements" name="test_get_requirement_by_id" time="0.000"><skipped type="pytest.skip" message="No requirement created">/app/backend/tests/test_cme_api.py:210: No requirement created</skipped></testcase><testcase classname="backend.tests.test_cme_api.TestRequirements" name="test_update_requirement" time="0.000"><skipped type="pytest.skip" message="No requirement created">/app/backend/tests/test_cme_api.py:219: No requirement created</skipped></testcase><testcase classname="backend.tests.test_cme_api.TestRequirements" name="test_delete_requirement" time="0.000"><skipped type="pytest.skip" message="No requirement created">/app/backend/tests/test_cme_api.py:231: No requirement created</skipped></testcase><testcase classname="backend.tests.test_cme_api.TestRequirements" name="test_requirements_unauthorized" time="0.000"><failure message="requests.exceptions.MissingSchema: Invalid URL '/api/requirements': No scheme supplied. Perhaps you meant https:///api/requirements?">backend/tests/test_cme_api.py:237: in test_requirements_unauthorized
    r = unauth_client.get(f"{BASE_URL}/api/requirements")
        ^^^^^^^^^^^^^^^^^^^^^^^^^^^^^^^^^^^^^^^^^^^^^^^^^
/root/.venv/lib/python3.11/site-packages/requests/sessions.py:602: in get
    return self.request("GET", url, **kwargs)
           ^^^^^^^^^^^^^^^^^^^^^^^^^^^^^^^^^^
/root/.venv/lib/python3.11/site-packages/requests/sessions.py:575: in request
    prep = self.prepare_request(req)
           ^^^^^^^^^^^^^^^^^^^^^^^^^
/root/.venv/lib/python3.11/site-packages/requests/sessions.py:484: in prepare_request
    p.prepare(
/root/.venv/lib/python3.11/site-packages/requests/models.py:367: in prepare
    self.prepare_url(url, params)
/root/.venv/lib/python3.11/site-packages/requests/models.py:438: in prepare_url
    raise MissingSchema(
E   requests.exceptions.MissingSchema: Invalid URL '/api/requirements': No scheme supplied. Perhaps you meant https:///api/requirements?</failure></testcase><testcase classname="backend.tests.test_cme_api.TestDashboard" name="test_get_dashboard" time="0.001"><failure message="requests.exceptions.MissingSchema: Invalid URL '/api/dashboard': No scheme supplied. Perhaps you meant https:///api/dashboard?">backend/tests/test_cme_api.py:246: in test_get_dashboard
    r = api_client.get(f"{BASE_URL}/api/dashboard")
        ^^^^^^^^^^^^^^^^^^^^^^^^^^^^^^^^^^^^^^^^^^^
/root/.venv/lib/python3.11/site-packages/requests/sessions.py:602: in get
    return self.request("GET", url, **kwargs)
           ^^^^^^^^^^^^^^^^^^^^^^^^^^^^^^^^^^
/root/.venv/lib/python3.11/site-packages/requests/sessions.py:575: in request
    prep = self.prepare_request(req)
           ^^^^^^^^^^^^^^^^^^^^^^^^^
/root/.venv/lib/python3.11/site-packages/requests/sessions.py:484: in prepare_request
    p.prepare(
/root/.venv/lib/python3.11/site-packages/requests/models.py:367: in prepare
    self.prepare_url(url, params)
/root/.venv/lib/python3.11/site-packages/requests/models.py:438: in prepare_url
    raise MissingSchema(
E   requests.exceptions.MissingSchema: Invalid URL '/api/dashboard': No scheme supplied. Perhaps you meant https:///api/dashboard?</failure></testcase><testcase classname="backend.tests.test_cme_api.TestDashboard" name="test_dashboard_user_data" time="0.001"><failure message="requests.exceptions.MissingSchema: Invalid URL '/api/dashboard': No scheme supplied. Perhaps you meant https:///api/dashboard?">backend/tests/test_cme_api.py:258: in test_dashboard_user_data
    r = api_client.get(f"{BASE_URL}/api/dashboard")
        ^^^^^^^^^^^^^^^^^^^^^^^^^^^^^^^^^^^^^^^^^^^
/root/.venv/lib/python3.11/site-packages/requests/sessions.py:602: in get
    return self.request("GET", url, **kwargs)
           ^^^^^^^^^^^^^^^^^^^^^^^^^^^^^^^^^^
/root/.venv/lib/python3.11/site-packages/requests/sessions.py:575: in request
    prep = self.prepare_request(req)
           ^^^^^^^^^^^^^^^^^^^^^^^^^
/root/.venv/lib/python3.11/site-packages/requests/sessions.py:484: in prepare_request
    p.prepare(
/root/.venv/lib/python3.11/site-packages/requests/models.py:367: in prepare
    self.prepare_url(url, params)
/root/.venv/lib/python3.11/site-packages/requests/models.py:438: in prepare_url
    raise MissingSchema(
E   requests.exceptions.MissingSchema: Invalid URL '/api/dashboard': No scheme supplied. Perhaps you meant https:///api/dashboard?</failure></testcase><testcase classname="backend.tests.test_cme_api.TestDashboard" name="test_dashboard_unauthorized" time="0.001"><failure message="requests.exceptions.MissingSchema: Invalid URL '/api/dashboard': No scheme supplied. Perhaps you meant https:///api/dashboard?">backend/tests/test_cme_api.py:266: in test_dashboard_unauthorized
    r = unauth_client.get(f"{BASE_URL}/api/dashboard")
        ^^^^^^^^^^^^^^^^^^^^^^^^^^^^^^^^^^^^^^^^^^^^^^
/root/.venv/lib/python3.11/site-packages/requests/sessions.py:602: in get
    return self.request("GET", url, **kwargs)
           ^^^^^^^^^^^^^^^^^^^^^^^^^^^^^^^^^^
/root/.venv/lib/python3.11/site-packages/requests/sessions.py:575: in request
    prep = self.prepare_request(req)
           ^^^^^^^^^^^^^^^^^^^^^^^^^
/root/.venv/lib/python3.11/site-packages/requests/sessions.py:484: in prepare_request
    p.prepare(
/root/.venv/lib/python3.11/site-packages/requests/models.py:367: in prepare
    self.prepare_url(url, params)
/root/.venv/lib/python3.11/site-packages/requests/models.py:438: in prepare_url
    raise MissingSchema(
E   requests.exceptions.MissingSchema: Invalid URL '/api/dashboard': No scheme supplied. Perhaps you meant https:///api/dashboard?</failure></testcase><testcase classname="backend.tests.test_cme_api.TestReports" name="test_get_report_summary" time="0.001"><failure message="requests.exceptions.MissingSchema: Invalid URL '/api/reports/summary': No scheme supplied. Perhaps you meant https:///api/reports/summary?">backend/tests/test_cme_api.py:275: in test_get_report_summary
    r = api_client.get(f"{BASE_URL}/api/reports/summary")
        ^^^^^^^^^^^^^^^^^^^^^^^^^^^^^^^^^^^^^^^^^^^^^^^^^
/root/.venv/lib/python3.11/site-packages/requests/sessions.py:602: in get
    return self.request("GET", url, **kwargs)
           ^^^^^^^^^^^^^^^^^^^^^^^^^^^^^^^^^^
/root/.venv/lib/python3.11/site-packages/requests/sessions.py:575: in request
    prep = self.prepare_request(req)
           ^^^^^^^^^^^^^^^^^^^^^^^^^
/root/.venv/lib/python3.11/site-packages/requests/sessions.py:484: in prepare_request
    p.prepare(
/root/.venv/lib/python3.11/site-packages/requests/models.py:367: in prepare
    self.prepare_url(url, params)
/root/.venv/lib/python3.11/site-packages/requests/models.py:438: in prepare_url
    raise MissingSchema(
E   requests.exceptions.MissingSchema: Invalid URL '/api/reports/summary': No scheme supplied. Perhaps you meant https:///api/reports/summary?</failure></testcase><testcase classname="backend.tests.test_cme_api.TestReports" name="test_report_summary_with_year" time="0.001"><failure message="requests.exceptions.MissingSchema: Invalid URL '/api/reports/summary?year=2025': No scheme supplied. Perhaps you meant https:///api/reports/summary?year=2025?">backend/tests/test_cme_api.py:287: in test_report_summary_with_year
    r = api_client.get(f"{BASE_URL}/api/reports/summary?year=2025")
        ^^^^^^^^^^^^^^^^^^^^^^^^^^^^^^^^^^^^^^^^^^^^^^^^^^^^^^^^^^^
/root/.venv/lib/python3.11/site-packages/requests/sessions.py:602: in get
    return self.request("GET", url, **kwargs)
           ^^^^^^^^^^^^^^^^^^^^^^^^^^^^^^^^^^
/root/.venv/lib/python3.11/site-packages/requests/sessions.py:575: in request
    prep = self.prepare_request(req)
           ^^^^^^^^^^^^^^^^^^^^^^^^^
/root/.venv/lib/python3.11/site-packages/requests/sessions.py:484: in prepare_request
    p.prepare(
/root/.venv/lib/python3.11/site-packages/requests/models.py:367: in prepare
    self.prepare_url(url, params)
/root/.venv/lib/python3.11/site-packages/requests/models.py:438: in prepare_url
    raise MissingSchema(
E   requests.exceptions.MissingSchema: Invalid URL '/api/reports/summary?year=2025': No scheme supplied. Perhaps you meant https:///api/reports/summary?year=2025?</failure></testcase><testcase classname="backend.tests.test_cme_api.TestReports" name="test_reports_unauthorized" time="0.001"><failure message="requests.exceptions.MissingSchema: Invalid URL '/api/reports/summary': No scheme supplied. Perhaps you meant https:///api/reports/summary?">backend/tests/test_cme_api.py:293: in test_reports_unauthorized
    r = unauth_client.get(f"{BASE_URL}/api/reports/summary")
        ^^^^^^^^^^^^^^^^^^^^^^^^^^^^^^^^^^^^^^^^^^^^^^^^^^^^
/root/.venv/lib/python3.11/site-packages/requests/sessions.py:602: in get
    return self.request("GET", url, **kwargs)
           ^^^^^^^^^^^^^^^^^^^^^^^^^^^^^^^^^^
/root/.venv/lib/python3.11/site-packages/requests/sessions.py:575: in request
    prep = self.prepare_request(req)
           ^^^^^^^^^^^^^^^^^^^^^^^^^
/root/.venv/lib/python3.11/site-packages/requests/sessions.py:484: in prepare_request
    p.prepare(
/root/.venv/lib/python3.11/site-packages/requests/models.py:367: in prepare
    self.prepare_url(url, params)
/root/.venv/lib/python3.11/site-packages/requests/models.py:438: in prepare_url
    raise MissingSchema(
E   requests.exceptions.MissingSchema: Invalid URL '/api/reports/summary': No scheme supplied. Perhaps you meant https:///api/reports/summary?</failure></testcase><testcase classname="backend.tests.test_cme_api.TestEEDSImport" name="test_eeds_import" time="0.001"><failure message="requests.exceptions.MissingSchema: Invalid URL '/api/certificates/eeds-import': No scheme supplied. Perhaps you meant https:///api/certificates/eeds-import?">backend/tests/test_cme_api.py:314: in test_eeds_import
    r = api_client.post(f"{BASE_URL}/api/certificates/eeds-import", json=payload)
        ^^^^^^^^^^^^^^^^^^^^^^^^^^^^^^^^^^^^^^^^^^^^^^^^^^^^^^^^^^^^^^^^^^^^^^^^^
/root/.venv/lib/python3.11/site-packages/requests/sessions.py:637: in post
    return self.request("POST", url, data=data, json=json, **kwargs)
           ^^^^^^^^^^^^^^^^^^^^^^^^^^^^^^^^^^^^^^^^^^^^^^^^^^^^^^^^^
/root/.venv/lib/python3.11/site-packages/requests/sessions.py:575: in request
    prep = self.prepare_request(req)
           ^^^^^^^^^^^^^^^^^^^^^^^^^
/root/.venv/lib/python3.11/site-packages/requests/sessions.py:484: in prepare_request
    p.prepare(
/root/.venv/lib/python3.11/site-packages/requests/models.py:367: in prepare
    self.prepare_url(url, params)
/root/.venv/lib/python3.11/site-packages/requests/models.py:438: in prepare_url
    raise MissingSchema(
E   requests.exceptions.MissingSchema: Invalid URL '/api/certificates/eeds-import': No scheme supplied. Perhaps you meant https:///api/certificates/eeds-import?</failure></testcase><testcase classname="backend.tests.test_cme_api.TestEEDSImport" name="test_eeds_import_creates_persisted_cert" time="0.000"><skipped type="pytest.skip" message="No EEDS cert created">/app/backend/tests/test_cme_api.py:326: No EEDS cert created</skipped></testcase><testcase classname="backend.tests.test_cme_api.TestEEDSImport" name="test_eeds_import_cleanup" time="0.000"><skipped type="pytest.skip" message="No EEDS cert created">/app/backend/tests/test_cme_api.py:335: No EEDS cert created</skipped></testcase><testcase classname="backend.tests.test_cme_api.TestEEDSImport" name="test_eeds_import_unauthorized" time="0.000"><failure message="requests.exceptions.MissingSchema: Invalid URL '/api/certificates/eeds-import': No scheme supplied. Perhaps you meant https:///api/certificates/eeds-import?">backend/tests/test_cme_api.py:341: in test_eeds_import_unauthorized
    r = unauth_client.post(f"{BASE_URL}/api/certificates/eeds-import", json={})
        ^^^^^^^^^^^^^^^^^^^^^^^^^^^^^^^^^^^^^^^^^^^^^^^^^^^^^^^^^^^^^^^^^^^^^^^
/root/.venv/lib/python3.11/site-packages/requests/sessions.py:637: in post
    return self.request("POST", url, data=data, json=json, **kwargs)
           ^^^^^^^^^^^^^^^^^^^^^^^^^^^^^^^^^^^^^^^^^^^^^^^^^^^^^^^^^
/root/.venv/lib/python3.11/site-packages/requests/sessions.py:575: in request
    prep = self.prepare_request(req)
           ^^^^^^^^^^^^^^^^^^^^^^^^^
/root/.venv/lib/python3.11/site-packages/requests/sessions.py:484: in prepare_request
    p.prepare(
/root/.venv/lib/python3.11/site-packages/requests/models.py:367: in prepare
    self.prepare_url(url, params)
/root/.venv/lib/python3.11/site-packages/requests/models.py:438: in prepare_url
    raise MissingSchema(
E   requests.exceptions.MissingSchema: Invalid URL '/api/certificates/eeds-import': No scheme supplied. Perhaps you meant https:///api/certificates/eeds-import?</failure></testcase></testsuite></testsuites>