<?xml version="1.0" encoding="utf-8"?><testsuites name="pytest tests"><testsuite name="pytest" errors="0" failures="0" skipped="0" tests="32" time="4.331" timestamp="2026-02-25T14:41:13.458332+00:00" hostname="agent-env-dcebfa91-0c00-4892-8f9e-0914c2fe36f2"><testcase classname="backend.tests.test_cme_api.TestCMETypes" name="test_get_all_cme_types_no_auth" time="0.231" /><testcase classname="backend.tests.test_cme_api.TestCMETypes" name="test_cme_types_physician_has_ama_cat1" time="0.127" /><testcase classname="backend.tests.test_cme_api.TestCMETypes" name="test_get_cme_types_authenticated" time="0.153" /><testcase classname="backend.tests.test_cme_api.TestCMETypes" name="test_cme_types_unauthorized" time="0.150" /><testcase classname="backend.tests.test_cme_api.TestAuth" name="test_get_me_with_valid_token" time="0.111" /><testcase classname="backend.tests.test_cme_api.TestAuth" name="test_get_me_without_token" time="0.144" /><testcase classname="backend.tests.test_cme_api.TestAuth" name="test_get_me_no_id_field" time="0.121" /><testcase classname="backend.tests.test_cme_api.TestCertificates" name="test_list_certificates" time="0.125" /><testcase classname="backend.tests.test_cme_api.TestCertificates" name="test_create_certificate" time="0.134" /><testcase classname="backend.tests.test_cme_api.TestCertificates" name="test_get_certificate_by_id" time="0.154" /><testcase classname="backend.tests.test_cme_api.TestCertificates" name="test_update_certificate" time="0.139" /><testcase classname="backend.tests.test_cme_api.TestCertificates" name="test_get_certificate_after_update" time="0.124" /><testcase classname="backend.tests.test_cme_api.TestCertificates" name="test_filter_certificates_by_credit_type" time="0.117" /><testcase classname="backend.tests.test_cme_api.TestCertificates" name="test_delete_certificate" time="0.142" /><testcase classname="backend.tests.test_cme_api.TestCertificates" name="test_get_deleted_certificate_returns_404" time="0.147" /><testcase classname="backend.tests.test_cme_api.TestCertificates" name="test_certificates_unauthorized" time="0.128" /><testcase classname="backend.tests.test_cme_api.TestRequirements" name="test_list_requirements" time="0.130" /><testcase classname="backend.tests.test_cme_api.TestRequirements" name="test_create_requirement" time="0.121" /><testcase classname="backend.tests.test_cme_api.TestRequirements" name="test_get_requirement_by_id" time="0.130" /><testcase classname="backend.tests.test_cme_api.TestRequirements" name="test_update_requirement" time="0.131" /><testcase classname="backend.tests.test_cme_api.TestRequirements" name="test_delete_requirement" time="0.115" /><testcase classname="backend.tests.test_cme_api.TestRequirements" name="test_requirements_unauthorized" time="0.115" /><testcase classname="backend.tests.test_cme_api.TestDashboard" name="test_get_dashboard" time="0.220" /><testcase classname="backend.tests.test_cme_api.TestDashboard" name="test_dashboard_user_data" time="0.118" /><testcase classname="backend.tests.test_cme_api.TestDashboard" name="test_dashboard_unauthorized" time="0.106" /><testcase classname="backend.tests.test_cme_api.TestReports" name="test_get_report_summary" time="0.109" /><testcase classname="backend.tests.test_cme_api.TestReports" name="test_report_summary_with_year" time="0.117" /><testcase classname="backend.tests.test_cme_api.TestReports" name="test_reports_unauthorized" time="0.141" /><testcase classname="backend.tests.test_cme_api.TestEEDSImport" name="test_eeds_import" time="0.114" /><testcase classname="backend.tests.test_cme_api.TestEEDSImport" name="test_eeds_import_creates_persisted_cert" time="0.122" /><testcase classname="backend.tests.test_cme_api.TestEEDSImport" name="test_eeds_import_cleanup" time="0.124" /><testcase classname="backend.tests.test_cme_api.TestEEDSImport" name="test_eeds_import_unauthorized" time="0.116" /></testsuite></testsuites>