<?xml version="1.0" encoding="utf-8"?><testsuites name="pytest tests"><testsuite name="pytest" errors="0" failures="0" skipped="0" tests="68" time="8.393" timestamp="2026-02-28T21:38:30.523285+00:00" hostname="agent-env-469b1e38-1f65-47ff-b4f4-5a7dc71a8c34"><testcase classname="backend.tests.test_cme_api.TestCMETypes" name="test_get_all_cme_types_no_auth" time="0.147" /><testcase classname="backend.tests.test_cme_api.TestCMETypes" name="test_cme_types_physician_has_ama_cat1" time="0.119" /><testcase classname="backend.tests.test_cme_api.TestCMETypes" name="test_get_cme_types_authenticated" time="0.106" /><testcase classname="backend.tests.test_cme_api.TestCMETypes" name="test_cme_types_unauthorized" time="0.110" /><testcase classname="backend.tests.test_cme_api.TestAuth" name="test_get_me_with_valid_token" time="0.107" /><testcase classname="backend.tests.test_cme_api.TestAuth" name="test_get_me_without_token" time="0.104" /><testcase classname="backend.tests.test_cme_api.TestAuth" name="test_get_me_no_id_field" time="0.149" /><testcase classname="backend.tests.test_cme_api.TestCertificates" name="test_list_certificates" time="0.135" /><testcase classname="backend.tests.test_cme_api.TestCertificates" name="test_create_certificate" time="0.113" /><testcase classname="backend.tests.test_cme_api.TestCertificates" name="test_get_certificate_by_id" time="0.113" /><testcase classname="backend.tests.test_cme_api.TestCertificates" name="test_update_certificate" time="0.123" /><testcase classname="backend.tests.test_cme_api.TestCertificates" name="test_get_certificate_after_update" time="0.109" /><testcase classname="backend.tests.test_cme_api.TestCertificates" name="test_filter_certificates_by_credit_type" time="0.109" /><testcase classname="backend.tests.test_cme_api.TestCertificates" name="test_delete_certificate" time="0.115" /><testcase classname="backend.tests.test_cme_api.TestCertificates" name="test_get_deleted_certificate_returns_404" time="0.113" /><testcase classname="backend.tests.test_cme_api.TestCertificates" name="test_certificates_unauthorized" time="0.115" /><testcase classname="backend.tests.test_cme_api.TestRequirements" name="test_list_requirements" time="0.122" /><testcase classname="backend.tests.test_cme_api.TestRequirements" name="test_create_requirement" time="0.121" /><testcase classname="backend.tests.test_cme_api.TestRequirements" name="test_get_requirement_by_id" time="0.153" /><testcase classname="backend.tests.test_cme_api.TestRequirements" name="test_update_requirement" time="0.114" /><testcase classname="backend.tests.test_cme_api.TestRequirements" name="test_delete_requirement" time="0.135" /><testcase classname="backend.tests.test_cme_api.TestRequirements" name="test_requirements_unauthorized" time="0.130" /><testcase classname="backend.tests.test_cme_api.TestDashboard" name="test_get_dashboard" time="0.134" /><testcase classname="backend.tests.test_cme_api.TestDashboard" name="test_dashboard_user_data" time="0.105" /><testcase classname="backend.tests.test_cme_api.TestDashboard" name="test_dashboard_unauthorized" time="0.138" /><testcase classname="backend.tests.test_cme_api.TestReports" name="test_get_report_summary" time="0.113" /><testcase classname="backend.tests.test_cme_api.TestReports" name="test_report_summary_with_year" time="0.102" /><testcase classname="backend.tests.test_cme_api.TestReports" name="test_reports_unauthorized" time="0.106" /><testcase classname="backend.tests.test_cme_api.TestEEDSImport" name="test_eeds_import" time="0.109" /><testcase classname="backend.tests.test_cme_api.TestEEDSImport" name="test_eeds_import_creates_persisted_cert" time="0.112" /><testcase classname="backend.tests.test_cme_api.TestEEDSImport" name="test_eeds_import_cleanup" time="0.117" /><testcase classname="backend.tests.test_cme_api.TestEEDSImport" name="test_eeds_import_unauthorized" time="0.118" /><testcase classname="backend.tests.test_cme_api.TestMultipleCreditTypes" name="test_create_cert_with_multiple_credit_types" time="0.114" /><testcase classname="backend.tests.test_cme_api.TestMultipleCreditTypes" name="test_get_cert_multiple_credit_types" time="0.113" /><testcase classname="backend.tests.test_cme_api.TestMultipleCreditTypes" name="test_cleanup_multi_credit_cert" time="0.116" /><testcase classname="backend.tests.test_cme_api.TestCustomCreditTypes" name="test_create_custom_credit_type" time="0.120" /><testcase classname="backend.tests.test_cme_api.TestCustomCreditTypes" name="test_get_custom_credit_types" time="0.111" /><testcase classname="backend.tests.test_cme_api.TestCustomCreditTypes" name="test_custom_types_appear_in_all_types" time="0.120" /><testcase classname="backend.tests.test_cme_api.TestCustomCreditTypes" name="test_delete_custom_credit_type" time="0.166" /><testcase classname="backend.tests.test_cme_api.TestCustomCreditTypes" name="test_custom_credit_type_unauthorized" time="0.101" /><testcase classname="backend.tests.test_cme_api.TestYearRangeRequirements" name="test_create_requirement_with_year_range" time="0.119" /><testcase classname="backend.tests.test_cme_api.TestYearRangeRequirements" name="test_get_requirement_year_range" time="0.109" /><testcase classname="backend.tests.test_cme_api.TestYearRangeRequirements" name="test_cleanup_year_range_req" time="0.151" /><testcase classname="backend.tests.test_cme_api.TestBulkImport" name="test_bulk_import_certificates" time="0.112" /><testcase classname="backend.tests.test_cme_api.TestBulkImport" name="test_bulk_import_with_errors" time="0.252" /><testcase classname="backend.tests.test_cme_api.TestBulkImport" name="test_cleanup_bulk_import" time="0.161" /><testcase classname="backend.tests.test_cme_api.TestYearOverYearReport" name="test_year_over_year_report" time="0.114" /><testcase classname="backend.tests.test_cme_api.TestYearOverYearReport" name="test_year_over_year_default_range" time="0.126" /><testcase classname="backend.tests.test_cme_api.TestYearOverYearReport" name="test_year_over_year_contains_credits" time="0.110" /><testcase classname="backend.tests.test_cme_api.TestExports" name="test_pdf_export" time="0.122" /><testcase classname="backend.tests.test_cme_api.TestExports" name="test_excel_export" time="0.118" /><testcase classname="backend.tests.test_cme_api.TestExports" name="test_html_export" time="0.107" /><testcase classname="backend.tests.test_cme_api.TestExports" name="test_exports_unauthorized" time="0.112" /><testcase classname="backend.tests.test_cme_api.TestCertificateFilterOptions" name="test_get_filter_options" time="0.103" /><testcase classname="backend.tests.test_cme_api.TestCertificateFilterOptions" name="test_filter_options_unauthorized" time="0.119" /><testcase classname="backend.tests.test_cme_api.TestRequirementsWithFilters" name="test_create_cert_for_filter_test" time="0.129" /><testcase classname="backend.tests.test_cme_api.TestRequirementsWithFilters" name="test_create_requirement_with_provider_filter" time="0.113" /><testcase classname="backend.tests.test_cme_api.TestRequirementsWithFilters" name="test_requirement_progress_with_provider_filter" time="0.119" /><testcase classname="backend.tests.test_cme_api.TestRequirementsWithFilters" name="test_update_requirement_with_subject_filter" time="0.111" /><testcase classname="backend.tests.test_cme_api.TestRequirementsWithFilters" name="test_get_requirement_has_matching_certificates" time="0.117" /><testcase classname="backend.tests.test_cme_api.TestRequirementsWithFilters" name="test_cleanup_filter_requirement" time="0.125" /><testcase classname="backend.tests.test_cme_api.TestRequirementsWithFilters" name="test_cleanup_filter_certificate" time="0.111" /><testcase classname="backend.tests.test_cme_api.TestRequirementsCombinationFilters" name="test_create_matching_certificate" time="0.114" /><testcase classname="backend.tests.test_cme_api.TestRequirementsCombinationFilters" name="test_create_non_matching_certificate" time="0.109" /><testcase classname="backend.tests.test_cme_api.TestRequirementsCombinationFilters" name="test_create_requirement_with_combo_filters" time="0.132" /><testcase classname="backend.tests.test_cme_api.TestRequirementsCombinationFilters" name="test_combo_filter_counts_only_matching" time="0.113" /><testcase classname="backend.tests.test_cme_api.TestRequirementsCombinationFilters" name="test_cleanup_combo_requirement" time="0.110" /><testcase classname="backend.tests.test_cme_api.TestRequirementsCombinationFilters" name="test_cleanup_combo_certificates" time="0.180" /></testsuite></testsuites>