<?xml version="1.0" encoding="utf-8"?><testsuites name="pytest tests"><testsuite name="pytest" errors="0" failures="2" skipped="7" tests="32" time="3.875" timestamp="2026-02-25T14:32:27.989937+00:00" hostname="agent-env-dcebfa91-0c00-4892-8f9e-0914c2fe36f2"><testcase classname="backend.tests.test_cme_api.TestCMETypes" name="test_get_all_cme_types_no_auth" time="0.224" /><testcase classname="backend.tests.test_cme_api.TestCMETypes" name="test_cme_types_physician_has_ama_cat1" time="0.164" /><testcase classname="backend.tests.test_cme_api.TestCMETypes" name="test_get_cme_types_authenticated" time="0.116" /><testcase classname="backend.tests.test_cme_api.TestCMETypes" name="test_cme_types_unauthorized" time="0.250" /><testcase classname="backend.tests.test_cme_api.TestAuth" name="test_get_me_with_valid_token" time="0.135" /><testcase classname="backend.tests.test_cme_api.TestAuth" name="test_get_me_without_token" time="0.107" /><testcase classname="backend.tests.test_cme_api.TestAuth" name="test_get_me_no_id_field" time="0.324" /><testcase classname="backend.tests.test_cme_api.TestCertificates" name="test_list_certificates" time="0.143" /><testcase classname="backend.tests.test_cme_api.TestCertificates" name="test_create_certificate" time="0.142"><failure message="assert 500 == 200&#10; +  where 500 = &lt;Response [500]&gt;.status_code">backend/tests/test_cme_api.py:110: in test_create_certificate
    assert r.status_code == 200
E   assert 500 == 200
E    +  where 500 = &lt;Response [500]&gt;.status_code</failure></testcase><testcase classname="backend.tests.test_cme_api.TestCertificates" name="test_get_certificate_by_id" time="0.000"><skipped type="pytest.skip" message="No certificate created">/app/backend/tests/test_cme_api.py:122: No certificate created</skipped></testcase><testcase classname="backend.tests.test_cme_api.TestCertificates" name="test_update_certificate" time="0.000"><skipped type="pytest.skip" message="No certificate created">/app/backend/tests/test_cme_api.py:131: No certificate created</skipped></testcase><testcase classname="backend.tests.test_cme_api.TestCertificates" name="test_get_certificate_after_update" time="0.000"><skipped type="pytest.skip" message="No certificate created">/app/backend/tests/test_cme_api.py:143: No certificate created</skipped></testcase><testcase classname="backend.tests.test_cme_api.TestCertificates" name="test_filter_certificates_by_credit_type" time="0.138" /><testcase classname="backend.tests.test_cme_api.TestCertificates" name="test_delete_certificate" time="0.001"><skipped type="pytest.skip" message="No certificate created">/app/backend/tests/test_cme_api.py:159: No certificate created</skipped></testcase><testcase classname="backend.tests.test_cme_api.TestCertificates" name="test_get_deleted_certificate_returns_404" time="0.000"><skipped type="pytest.skip" message="No certificate created">/app/backend/tests/test_cme_api.py:166: No certificate created</skipped></testcase><testcase classname="backend.tests.test_cme_api.TestCertificates" name="test_certificates_unauthorized" time="0.109" /><testcase classname="backend.tests.test_cme_api.TestRequirements" name="test_list_requirements" time="0.151" /><testcase classname="backend.tests.test_cme_api.TestRequirements" name="test_create_requirement" time="0.142" /><testcase classname="backend.tests.test_cme_api.TestRequirements" name="test_get_requirement_by_id" time="0.156" /><testcase classname="backend.tests.test_cme_api.TestRequirements" name="test_update_requirement" time="0.120" /><testcase classname="backend.tests.test_cme_api.TestRequirements" name="test_delete_requirement" time="0.120" /><testcase classname="backend.tests.test_cme_api.TestRequirements" name="test_requirements_unauthorized" time="0.183" /><testcase classname="backend.tests.test_cme_api.TestDashboard" name="test_get_dashboard" time="0.127" /><testcase classname="backend.tests.test_cme_api.TestDashboard" name="test_dashboard_user_data" time="0.115" /><testcase classname="backend.tests.test_cme_api.TestDashboard" name="test_dashboard_unauthorized" time="0.150" /><testcase classname="backend.tests.test_cme_api.TestReports" name="test_get_report_summary" time="0.163" /><testcase classname="backend.tests.test_cme_api.TestReports" name="test_report_summary_with_year" time="0.140" /><testcase classname="backend.tests.test_cme_api.TestReports" name="test_reports_unauthorized" time="0.140" /><testcase classname="backend.tests.test_cme_api.TestEEDSImport" name="test_eeds_import" time="0.116"><failure message="assert 500 == 200&#10; +  where 500 = &lt;Response [500]&gt;.status_code">backend/tests/test_cme_api.py:315: in test_eeds_import
    assert r.status_code == 200
E   assert 500 == 200
E    +  where 500 = &lt;Response [500]&gt;.status_code</failure></testcase><testcase classname="backend.tests.test_cme_api.TestEEDSImport" name="test_eeds_import_creates_persisted_cert" time="0.000"><skipped type="pytest.skip" message="No EEDS cert created">/app/backend/tests/test_cme_api.py:326: No EEDS cert created</skipped></testcase><testcase classname="backend.tests.test_cme_api.TestEEDSImport" name="test_eeds_import_cleanup" time="0.000"><skipped type="pytest.skip" message="No EEDS cert created">/app/backend/tests/test_cme_api.py:335: No EEDS cert created</skipped></testcase><testcase classname="backend.tests.test_cme_api.TestEEDSImport" name="test_eeds_import_unauthorized" time="0.112" /></testsuite></testsuites>